<?xml version="1.0" encoding="UTF-8"?>
<!-- Generated by org.testng.reporters.JUnitXMLReporter -->
<testsuite ignored="0" hostname="DESKTOP-JON0OF4" failures="0" tests="5" name="Test" time="4.46" errors="0" timestamp="2024-04-25T20:06:36 GST">
  <testcase classname="org.testing.testScripts.TC5_DeleteRequest" name="testCase5" time="1.425"/>
  <testcase classname="org.testing.testScripts.TC6_PostMethodRequest" name="testCase6" time="1.387"/>
  <testcase classname="org.testing.testScripts.TC7_GetAllMethodRequest" name="testCase7" time="0.533"/>
  <testcase classname="org.testing.testScripts.TC8_GetParticularMethodRequest" name="testCase8" time="0.486"/>
  <testcase classname="org.testing.testScripts.TC10_DeleteMethodRequest" name="testCase10" time="0.539"/>
</testsuite> <!-- Test -->
